{
  "wallTime": 15207,
  "cpuTime": 12,
  "truncated": false,
  "executionModel": "stateless",
  "outcome": "ok",
  "scriptTags": [
    "cf:service=zweepee"
  ],
  "scriptVersion": {
    "id": "bd251076-e6ed-4f4c-9e04-2eed9bd9fca2"
  },
  "scriptName": "zweepee",
  "diagnosticsChannelEvents": [],
  "exceptions": [],
  "logs": [
    {
      "message": [
        "Supabase fetch error:",
        {
          "message": "error code: 1016"
        }
      ],
      "level": "error",
      "timestamp": 1770540114694
    },
    {
      "message": [
        "Supabase insert error:",
        {
          "message": "error code: 1016"
        }
      ],
      "level": "error",
      "timestamp": 1770540114697
    },
    {
      "message": [
        "User creation error:",
        "Error: error code: 1016"
      ],
      "level": "error",
      "timestamp": 1770540114697
    },
    {
      "message": [
        "Whapi send error:",
        "{\"error\":\"Channel not found\",\"requestId\":\"551005f6-9b12-4461-a00b-4a70cc3a6e06\"}"
      ],
      "level": "error",
      "timestamp": 1770540129886
    }
  ],
  "eventTimestamp": 1770540114683,
  "event": {
    "request": {
      "url": "https://zweepee.busanigama.workers.dev/webhook",
      "method": "POST",
      "headers": {
        "accept": "*/*",
        "accept-encoding": "gzip, br",
        "cf-connecting-ip": "35.224.132.190",
        "cf-ipcountry": "US",
        "cf-ray": "9ca9d4a4bb6de20f",
        "cf-visitor": "{\"scheme\":\"https\"}",
        "connection": "Keep-Alive",
        "content-length": "68",
        "content-type": "application/json",
        "host": "zweepee.busanigama.workers.dev",
        "user-agent": "curl/8.5.0",
        "x-forwarded-proto": "https",
        "x-real-ip": "35.224.132.190"
      },
      "cf": {
        "httpProtocol": "HTTP/2",
        "requestPriority": "weight=16;exclusive=0;group=0;group-weight=0",
        "edgeRequestKeepAliveStatus": 1,
        "requestHeaderNames": {},
        "clientTcpRtt": 11,
        "colo": "ORD",
        "asn": 396982,
        "asOrganization": "Google LLC",
        "country": "US",
        "isEUCountry": false,
        "city": "Council Bluffs",
        "continent": "NA",
        "region": "Iowa",
        "regionCode": "IA",
        "timezone": "America/Chicago",
        "longitude": "-95.86083",
        "latitude": "41.26194",
        "postalCode": "51502",
        "metroCode": "652",
        "tlsVersion": "TLSv1.3",
        "tlsCipher": "AEAD-AES256-GCM-SHA384",
        "tlsClientRandom": "2jzdwArBcDcvzaiRy7uDpDGpk4sb70uh7POiXB7pQJE=",
        "tlsClientCiphersSha1": "GXSPDLP4G3X+prK73a4wBuOaHRc=",
        "tlsClientExtensionsSha1": "tlH5gnoC5Z1HF45J5OgHEi338V0=",
        "tlsClientExtensionsSha1Le": "mRCkyUCRFDTLCNHGQsZNFhkU1/4=",
        "tlsExportedAuthenticator": {
          "clientHandshake": "ecd42925a40bb084fee44b6e48b3e0a63fbdafceb1bb81616446dfb61515f73fb47ae790ad60a5c3c58024d7b3637ce6",
          "serverHandshake": "62babe73723ec0c5cb4bbd48ad1d1333da6315ab48e7ef56c51b1c6e4395c8e5a9cb4f30bdf7b29b4a2858fd8f08adef",
          "clientFinished": "0a0b5057ca1361c3b8e768d3160d9050a9ba0be7ee74121fa3ef8c637bf58680a79fab0c8043bdc5276003354dfc8b98",
          "serverFinished": "bf600dd9f210f5fba62749683fe8396c03977e43d252a0ae0bbf0b63311ec1c6ba0fbe13ed023981e269b02ff32bffda"
        },
        "tlsClientHelloLength": "508",
        "tlsClientAuth": {
          "certPresented": "0",
          "certVerified": "NONE",
          "certRevoked": "0",
          "certIssuerDN": "",
          "certSubjectDN": "",
          "certIssuerDNRFC2253": "",
          "certSubjectDNRFC2253": "",
          "certIssuerDNLegacy": "",
          "certSubjectDNLegacy": "",
          "certSerial": "",
          "certIssuerSerial": "",
          "certSKI": "",
          "certIssuerSKI": "",
          "certFingerprintSHA1": "",
          "certFingerprintSHA256": "",
          "certNotBefore": "",
          "certNotAfter": ""
        },
        "verifiedBotCategory": ""
      }
    },
    "response": {
      "status": 200
    }
  }
}
{
  "wallTime": 0,
  "cpuTime": 0,
  "truncated": false,
  "executionModel": "stateless",
  "outcome": "ok",
  "scriptTags": [
    "cf:service=zweepee"
  ],
  "scriptVersion": {
    "id": "52a391a1-503a-4b59-85a9-a619a15c2906"
  },
  "scriptName": "zweepee",
  "diagnosticsChannelEvents": [],
  "exceptions": [],
  "logs": [],
  "eventTimestamp": 1770540147371,
  "event": {
    "request": {
      "url": "https://zweepee.busanigama.workers.dev/",
      "method": "GET",
      "headers": {
        "accept-encoding": "gzip, br",
        "cf-connecting-ip": "2a06:98c0:3600::103",
        "cf-force-legacy-fl": "1",
        "cf-ipcountry": "US",
        "cf-ray": "9ca9d570f1ab3493",
        "cf-visitor": "{\"scheme\":\"https\"}",
        "cf-worker": "cfone.cfdata.org",
        "connection": "Keep-Alive",
        "host": "zweepee.busanigama.workers.dev",
        "x-forwarded-proto": "https",
        "x-real-ip": "2a06:98c0:3600::103"
      },
      "cf": {
        "requestHeaderNames": {},
        "httpProtocol": "HTTP/1.1",
        "tlsCipher": "",
        "continent": "NA",
        "asn": 13335,
        "clientAcceptEncoding": "identity",
        "verifiedBotCategory": "",
        "country": "US",
        "isEUCountry": false,
        "region": "California",
        "tlsClientCiphersSha1": "",
        "tlsClientAuth": {
          "certIssuerDNLegacy": "",
          "certIssuerSKI": "",
          "certSubjectDNRFC2253": "",
          "certSubjectDNLegacy": "",
          "certFingerprintSHA256": "",
          "certNotBefore": "",
          "certSKI": "",
          "certSerial": "",
          "certIssuerDN": "",
          "certVerified": "NONE",
          "certNotAfter": "",
          "certSubjectDN": "",
          "certPresented": "0",
          "certRevoked": "0",
          "certIssuerSerial": "",
          "certIssuerDNRFC2253": "",
          "certFingerprintSHA1": ""
        },
        "tlsClientRandom": "",
        "tlsClientHelloLength": "",
        "colo": "SJC",
        "timezone": "America/Los_Angeles",
        "longitude": "-121.84590",
        "latitude": "37.24880",
        "edgeRequestKeepAliveStatus": 1,
        "requestPriority": "",
        "postalCode": "95153",
        "city": "San Jose",
        "tlsVersion": "",
        "regionCode": "CA",
        "asOrganization": "Cloudflare, Inc.",
        "metroCode": "807",
        "tlsClientExtensionsSha1Le": "",
        "tlsClientExtensionsSha1": ""
      }
    },
    "response": {
      "status": 200
    }
  }
}
{
  "wallTime": 15384,
  "cpuTime": 11,
  "truncated": false,
  "executionModel": "stateless",
  "outcome": "ok",
  "scriptTags": [
    "cf:service=zweepee"
  ],
  "scriptVersion": {
    "id": "52a391a1-503a-4b59-85a9-a619a15c2906"
  },
  "scriptName": "zweepee",
  "diagnosticsChannelEvents": [],
  "exceptions": [],
  "logs": [
    {
      "message": [
        "Supabase fetch error:",
        {
          "message": "error code: 1016"
        }
      ],
      "level": "error",
      "timestamp": 1770540157701
    },
    {
      "message": [
        "Supabase insert error:",
        {
          "message": "error code: 1016"
        }
      ],
      "level": "error",
      "timestamp": 1770540157704
    },
    {
      "message": [
        "User creation error:",
        "Error: error code: 1016"
      ],
      "level": "error",
      "timestamp": 1770540157704
    },
    {
      "message": [
        "Whapi send error:",
        "{\"error\":\"Channel not found\",\"requestId\":\"ba568026-e619-44a7-a1f4-179ffdb324c1\"}"
      ],
      "level": "error",
      "timestamp": 1770540173070
    }
  ],
  "eventTimestamp": 1770540157689,
  "event": {
    "request": {
      "url": "https://zweepee.busanigama.workers.dev/webhook",
      "method": "POST",
      "headers": {
        "accept": "*/*",
        "accept-encoding": "gzip, br",
        "cf-connecting-ip": "35.224.132.190",
        "cf-ipcountry": "US",
        "cf-ray": "9ca9d5b188af6165",
        "cf-visitor": "{\"scheme\":\"https\"}",
        "connection": "Keep-Alive",
        "content-length": "68",
        "content-type": "application/json",
        "host": "zweepee.busanigama.workers.dev",
        "user-agent": "curl/8.5.0",
        "x-forwarded-proto": "https",
        "x-real-ip": "35.224.132.190"
      },
      "cf": {
        "httpProtocol": "HTTP/2",
        "requestPriority": "weight=16;exclusive=0;group=0;group-weight=0",
        "edgeRequestKeepAliveStatus": 1,
        "requestHeaderNames": {},
        "clientTcpRtt": 11,
        "colo": "ORD",
        "asn": 396982,
        "asOrganization": "Google LLC",
        "country": "US",
        "isEUCountry": false,
        "city": "Council Bluffs",
        "continent": "NA",
        "region": "Iowa",
        "regionCode": "IA",
        "timezone": "America/Chicago",
        "longitude": "-95.86083",
        "latitude": "41.26194",
        "postalCode": "51502",
        "metroCode": "652",
        "tlsVersion": "TLSv1.3",
        "tlsCipher": "AEAD-AES256-GCM-SHA384",
        "tlsClientRandom": "szDx/QfGtkCbchDnjo8vwNd434bN/yp0JiHNCvLV/O0=",
        "tlsClientCiphersSha1": "GXSPDLP4G3X+prK73a4wBuOaHRc=",
        "tlsClientExtensionsSha1": "tlH5gnoC5Z1HF45J5OgHEi338V0=",
        "tlsClientExtensionsSha1Le": "mRCkyUCRFDTLCNHGQsZNFhkU1/4=",
        "tlsExportedAuthenticator": {
          "clientHandshake": "45c111a1d3812440dae0739e722c561aea7d7e85470d25f571ed3c0f42a4bffce372028a764be47d996485a1cd2f9e39",
          "serverHandshake": "dea391802941668ca1504d3f7391b8541dd06ae4233fa8432dd1dc40e85de3c91972bfa549bd630c188516e618313514",
          "clientFinished": "946d9a6e5b24d63fc0d85e72bca54daee6cd369314f6fd4c1fe563e030a176f8641fc9d104e48625648c3baf366ef494",
          "serverFinished": "80605df396f1f6454aa531d5b55c84570d49fd12dd3cc921b51c10de88668e6ad545c3829d7ff938884996ebe991c62a"
        },
        "tlsClientHelloLength": "508",
        "tlsClientAuth": {
          "certPresented": "0",
          "certVerified": "NONE",
          "certRevoked": "0",
          "certIssuerDN": "",
          "certSubjectDN": "",
          "certIssuerDNRFC2253": "",
          "certSubjectDNRFC2253": "",
          "certIssuerDNLegacy": "",
          "certSubjectDNLegacy": "",
          "certSerial": "",
          "certIssuerSerial": "",
          "certSKI": "",
          "certIssuerSKI": "",
          "certFingerprintSHA1": "",
          "certFingerprintSHA256": "",
          "certNotBefore": "",
          "certNotAfter": ""
        },
        "verifiedBotCategory": ""
      }
    },
    "response": {
      "status": 200
    }
  }
}
{
  "wallTime": 0,
  "cpuTime": 0,
  "truncated": false,
  "executionModel": "stateless",
  "outcome": "ok",
  "scriptTags": [
    "cf:service=zweepee"
  ],
  "scriptVersion": {
    "id": "52a391a1-503a-4b59-85a9-a619a15c2906"
  },
  "scriptName": "zweepee",
  "diagnosticsChannelEvents": [],
  "exceptions": [],
  "logs": [],
  "eventTimestamp": 1770540212191,
  "event": {
    "request": {
      "url": "https://zweepee.busanigama.workers.dev/",
      "method": "POST",
      "headers": {
        "accept": "application/json",
        "accept-encoding": "gzip, br",
        "baggage": "sentry-environment=prod,sentry-public_key=22217dc31eef5d21afad60404664acb9,sentry-trace_id=68883fa63d9f48e7bb84613d7b1dcf52",
        "cf-connecting-ip": "135.181.126.39",
        "cf-ipcountry": "FI",
        "cf-ray": "9ca9d706283e9c01",
        "cf-visitor": "{\"scheme\":\"https\"}",
        "connection": "Keep-Alive",
        "content-length": "305",
        "content-type": "application/json",
        "host": "zweepee.busanigama.workers.dev",
        "sentry-trace": "68883fa63d9f48e7bb84613d7b1dcf52-851391b2499fea3e",
        "x-forwarded-proto": "https",
        "x-real-ip": "135.181.126.39"
      },
      "cf": {
        "httpProtocol": "HTTP/1.1",
        "requestPriority": "",
        "edgeRequestKeepAliveStatus": 1,
        "requestHeaderNames": {},
        "clientTcpRtt": 20,
        "colo": "FRA",
        "asn": 24940,
        "asOrganization": "Hetzner Online GmbH",
        "country": "FI",
        "isEUCountry": "1",
        "city": "Helsinki",
        "continent": "EU",
        "region": "Uusimaa",
        "regionCode": "18",
        "timezone": "Europe/Helsinki",
        "longitude": "24.93545",
        "latitude": "60.16952",
        "postalCode": "00100",
        "tlsVersion": "TLSv1.3",
        "tlsCipher": "AEAD-AES256-GCM-SHA384",
        "tlsClientRandom": "r5G618r4gALDPrLzRXYS1bDEMTgreCYFoKtmrm9QVhA=",
        "tlsClientCiphersSha1": "kXrN3VEKDdzz2cPKTQaKzpxVTxQ=",
        "tlsClientExtensionsSha1": "0aWMch5oPKFB+8BXmRkGOQdtIMM=",
        "tlsClientExtensionsSha1Le": "u747uUkbqWQWvu9fet9oQqx9fCg=",
        "tlsExportedAuthenticator": {
          "clientHandshake": "641a3c49e7f7980b5fb8bab1f649d97f88a5350763d240a7ecf23565524c7af1e731629c21b8aba3e0f85f9f5a374639",
          "serverHandshake": "7628b65bfb4eca97ff441ff3a9849e3705f94a08ddc0c4fc8dd525ab53021b7bf93961b0027a1097f855fb6dacf3024c",
          "clientFinished": "d02d2e5ea92b4c5e54c7bd316893545aea9f476f7140da36c22f9adda909cd106854b201c06fe860e17e4e04ba9ed8f7",
          "serverFinished": "07559af17adc80728036b84cd378bddd0ee6da71a67cef7753b710ddc2793226006fa1d3fc613aad5dcfc34b12d94550"
        },
        "tlsClientHelloLength": "1853",
        "tlsClientAuth": {
          "certPresented": "0",
          "certVerified": "NONE",
          "certRevoked": "0",
          "certIssuerDN": "",
          "certSubjectDN": "",
          "certIssuerDNRFC2253": "",
          "certSubjectDNRFC2253": "",
          "certIssuerDNLegacy": "",
          "certSubjectDNLegacy": "",
          "certSerial": "",
          "certIssuerSerial": "",
          "certSKI": "",
          "certIssuerSKI": "",
          "certFingerprintSHA1": "",
          "certFingerprintSHA256": "",
          "certNotBefore": "",
          "certNotAfter": ""
        },
        "verifiedBotCategory": ""
      }
    },
    "response": {
      "status": 200
    }
  }
}
This error originated either by throwing inside of an async function without a catch block, or by rejecting a promise which was not handled with .catch(). The promise rejected with the reason:
APIError: A request to the Cloudflare API (/accounts/afaaee91a3dc92ff6240c7f3a6643308/workers/scripts/zweepee/tails/f9ca0d6a19f842c09732e938d6b02aef) failed.
    at throwFetchError (/app/node_modules/wrangler/wrangler-dist/cli.js:107884:18)
    at fetchResult (/app/node_modules/wrangler/wrangler-dist/cli.js:107797:5)
    at process.processTicksAndRejections (node:internal/process/task_queues:105:5)
    at async deleteTail (/app/node_modules/wrangler/wrangler-dist/cli.js:142863:5)
    at async WebSocket2.exit (/app/node_modules/wrangler/wrangler-dist/cli.js:162134:7)
